mode: count
github.com/kyverno/policy-reporter/pkg/api/gzip.go:13.26,16.3 2 1
github.com/kyverno/policy-reporter/pkg/api/gzip.go:24.54,27.2 2 1
github.com/kyverno/policy-reporter/pkg/api/gzip.go:29.59,31.2 1 1
github.com/kyverno/policy-reporter/pkg/api/gzip.go:34.51,35.54 1 5
github.com/kyverno/policy-reporter/pkg/api/gzip.go:35.54,36.65 1 2
github.com/kyverno/policy-reporter/pkg/api/gzip.go:41.3,49.62 6 1
github.com/kyverno/policy-reporter/pkg/api/gzip.go:36.65,39.4 2 1
github.com/kyverno/policy-reporter/pkg/api/handler.go:13.63,14.56 1 3
github.com/kyverno/policy-reporter/pkg/api/handler.go:14.56,15.22 1 2
github.com/kyverno/policy-reporter/pkg/api/handler.go:26.3,29.22 3 1
github.com/kyverno/policy-reporter/pkg/api/handler.go:15.22,24.4 5 1
github.com/kyverno/policy-reporter/pkg/api/handler.go:34.38,35.56 1 2
github.com/kyverno/policy-reporter/pkg/api/handler.go:35.56,39.3 3 1
github.com/kyverno/policy-reporter/pkg/api/handler.go:43.72,44.56 1 3
github.com/kyverno/policy-reporter/pkg/api/handler.go:44.56,49.24 4 2
github.com/kyverno/policy-reporter/pkg/api/handler.go:55.3,56.29 2 1
github.com/kyverno/policy-reporter/pkg/api/handler.go:60.3,60.63 1 1
github.com/kyverno/policy-reporter/pkg/api/handler.go:49.24,53.4 2 1
github.com/kyverno/policy-reporter/pkg/api/handler.go:56.29,58.4 1 1
github.com/kyverno/policy-reporter/pkg/api/handler.go:60.63,63.4 2 0
github.com/kyverno/policy-reporter/pkg/api/handler.go:68.79,69.56 1 3
github.com/kyverno/policy-reporter/pkg/api/handler.go:69.56,74.24 4 2
github.com/kyverno/policy-reporter/pkg/api/handler.go:80.3,81.29 2 1
github.com/kyverno/policy-reporter/pkg/api/handler.go:85.3,85.63 1 1
github.com/kyverno/policy-reporter/pkg/api/handler.go:74.24,78.4 2 1
github.com/kyverno/policy-reporter/pkg/api/handler.go:81.29,83.4 1 1
github.com/kyverno/policy-reporter/pkg/api/handler.go:85.63,88.4 2 0
github.com/kyverno/policy-reporter/pkg/api/handler.go:93.56,94.56 1 5
github.com/kyverno/policy-reporter/pkg/api/handler.go:94.56,98.24 3 4
github.com/kyverno/policy-reporter/pkg/api/handler.go:104.3,104.60 1 1
github.com/kyverno/policy-reporter/pkg/api/handler.go:98.24,102.4 2 3
github.com/kyverno/policy-reporter/pkg/api/handler.go:104.60,107.4 2 0
github.com/kyverno/policy-reporter/pkg/api/model.go:52.58,55.30 2 2
github.com/kyverno/policy-reporter/pkg/api/model.go:82.2,94.3 1 2
github.com/kyverno/policy-reporter/pkg/api/model.go:55.30,69.22 2 2
github.com/kyverno/policy-reporter/pkg/api/model.go:79.3,79.36 1 2
github.com/kyverno/policy-reporter/pkg/api/model.go:69.22,77.4 1 2
github.com/kyverno/policy-reporter/pkg/api/model.go:104.40,106.19 2 2
github.com/kyverno/policy-reporter/pkg/api/model.go:110.2,114.3 1 2
github.com/kyverno/policy-reporter/pkg/api/model.go:106.19,108.3 1 1
github.com/kyverno/policy-reporter/pkg/api/server.go:25.40,31.2 5 1
github.com/kyverno/policy-reporter/pkg/api/server.go:33.36,40.2 2 0
github.com/kyverno/policy-reporter/pkg/api/server.go:43.125,45.28 2 1
github.com/kyverno/policy-reporter/pkg/api/server.go:49.2,59.10 3 1
github.com/kyverno/policy-reporter/pkg/api/server.go:45.28,47.3 1 2
github.com/kyverno/policy-reporter/pkg/report/model.go:62.35,63.11 1 7
github.com/kyverno/policy-reporter/pkg/report/model.go:64.21,65.21 1 1
github.com/kyverno/policy-reporter/pkg/report/model.go:66.20,67.20 1 1
github.com/kyverno/policy-reporter/pkg/report/model.go:68.23,69.23 1 1
github.com/kyverno/policy-reporter/pkg/report/model.go:70.21,71.21 1 2
github.com/kyverno/policy-reporter/pkg/report/model.go:72.24,73.24 1 1
github.com/kyverno/policy-reporter/pkg/report/model.go:74.10,75.23 1 1
github.com/kyverno/policy-reporter/pkg/report/model.go:80.49,86.2 4 1
github.com/kyverno/policy-reporter/pkg/report/model.go:89.44,90.11 1 5
github.com/kyverno/policy-reporter/pkg/report/model.go:91.12,92.26 1 1
github.com/kyverno/policy-reporter/pkg/report/model.go:93.13,94.23 1 1
github.com/kyverno/policy-reporter/pkg/report/model.go:95.12,96.25 1 1
github.com/kyverno/policy-reporter/pkg/report/model.go:97.12,98.22 1 1
github.com/kyverno/policy-reporter/pkg/report/model.go:99.10,100.25 1 1
github.com/kyverno/policy-reporter/pkg/report/model.go:105.48,106.11 1 3
github.com/kyverno/policy-reporter/pkg/report/model.go:107.12,108.26 1 1
github.com/kyverno/policy-reporter/pkg/report/model.go:109.14,110.25 1 1
github.com/kyverno/policy-reporter/pkg/report/model.go:111.10,112.22 1 1
github.com/kyverno/policy-reporter/pkg/report/model.go:117.37,118.11 1 7
github.com/kyverno/policy-reporter/pkg/report/model.go:119.19,120.23 1 1
github.com/kyverno/policy-reporter/pkg/report/model.go:121.18,122.22 1 1
github.com/kyverno/policy-reporter/pkg/report/model.go:123.21,124.25 1 1
github.com/kyverno/policy-reporter/pkg/report/model.go:125.19,126.23 1 2
github.com/kyverno/policy-reporter/pkg/report/model.go:127.22,128.26 1 1
github.com/kyverno/policy-reporter/pkg/report/model.go:129.10,130.25 1 1
github.com/kyverno/policy-reporter/pkg/report/model.go:160.40,162.26 2 23
github.com/kyverno/policy-reporter/pkg/report/model.go:166.2,166.72 1 23
github.com/kyverno/policy-reporter/pkg/report/model.go:162.26,164.3 1 23
github.com/kyverno/policy-reporter/pkg/report/model.go:170.36,172.2 1 1
github.com/kyverno/policy-reporter/pkg/report/model.go:193.47,194.24 1 8
github.com/kyverno/policy-reporter/pkg/report/model.go:198.2,198.53 1 7
github.com/kyverno/policy-reporter/pkg/report/model.go:194.24,196.3 1 1
github.com/kyverno/policy-reporter/pkg/report/model.go:202.44,205.29 2 6
github.com/kyverno/policy-reporter/pkg/report/model.go:209.2,214.39 4 6
github.com/kyverno/policy-reporter/pkg/report/model.go:205.29,207.3 1 12
github.com/kyverno/policy-reporter/pkg/report/model.go:218.50,222.2 2 4
github.com/kyverno/policy-reporter/pkg/report/model.go:225.45,226.24 1 8
github.com/kyverno/policy-reporter/pkg/report/model.go:230.2,230.25 1 7
github.com/kyverno/policy-reporter/pkg/report/model.go:226.24,228.3 1 1
github.com/kyverno/policy-reporter/pkg/report/model.go:234.64,237.31 2 2
github.com/kyverno/policy-reporter/pkg/report/model.go:245.2,245.13 1 2
github.com/kyverno/policy-reporter/pkg/report/model.go:237.31,238.38 1 4
github.com/kyverno/policy-reporter/pkg/report/model.go:242.3,242.25 1 2
github.com/kyverno/policy-reporter/pkg/report/model.go:238.38,239.12 1 2
github.com/kyverno/policy-reporter/pkg/report/store.go:12.83,18.2 4 4
github.com/kyverno/policy-reporter/pkg/report/store.go:21.67,25.35 3 1
github.com/kyverno/policy-reporter/pkg/report/store.go:28.2,30.13 2 1
github.com/kyverno/policy-reporter/pkg/report/store.go:25.35,27.3 1 1
github.com/kyverno/policy-reporter/pkg/report/store.go:34.49,38.2 3 1
github.com/kyverno/policy-reporter/pkg/report/store.go:41.65,45.2 3 1
github.com/kyverno/policy-reporter/pkg/report/store.go:48.48,56.2 1 1
github.com/kyverno/policy-reporter/pkg/target/discord/discord.go:33.47,35.25 2 2
github.com/kyverno/policy-reporter/pkg/target/discord/discord.go:48.2,52.23 3 2
github.com/kyverno/policy-reporter/pkg/target/discord/discord.go:56.2,58.27 2 2
github.com/kyverno/policy-reporter/pkg/target/discord/discord.go:61.2,61.27 1 2
github.com/kyverno/policy-reporter/pkg/target/discord/discord.go:65.2,65.26 1 2
github.com/kyverno/policy-reporter/pkg/target/discord/discord.go:74.2,74.49 1 2
github.com/kyverno/policy-reporter/pkg/target/discord/discord.go:78.2,89.3 3 2
github.com/kyverno/policy-reporter/pkg/target/discord/discord.go:36.31,37.21 1 0
github.com/kyverno/policy-reporter/pkg/target/discord/discord.go:38.28,39.21 1 0
github.com/kyverno/policy-reporter/pkg/target/discord/discord.go:40.30,41.21 1 2
github.com/kyverno/policy-reporter/pkg/target/discord/discord.go:42.27,43.20 1 0
github.com/kyverno/policy-reporter/pkg/target/discord/discord.go:44.28,45.21 1 0
github.com/kyverno/policy-reporter/pkg/target/discord/discord.go:52.23,54.3 1 1
github.com/kyverno/policy-reporter/pkg/target/discord/discord.go:58.27,60.3 1 1
github.com/kyverno/policy-reporter/pkg/target/discord/discord.go:61.27,63.3 1 1
github.com/kyverno/policy-reporter/pkg/target/discord/discord.go:65.26,68.38 3 1
github.com/kyverno/policy-reporter/pkg/target/discord/discord.go:71.3,71.97 1 1
github.com/kyverno/policy-reporter/pkg/target/discord/discord.go:68.38,70.4 1 1
github.com/kyverno/policy-reporter/pkg/target/discord/discord.go:74.49,76.3 1 1
github.com/kyverno/policy-reporter/pkg/target/discord/discord.go:103.45,104.61 1 3
github.com/kyverno/policy-reporter/pkg/target/discord/discord.go:108.2,111.62 3 2
github.com/kyverno/policy-reporter/pkg/target/discord/discord.go:116.2,117.16 2 2
github.com/kyverno/policy-reporter/pkg/target/discord/discord.go:122.2,126.49 4 2
github.com/kyverno/policy-reporter/pkg/target/discord/discord.go:104.61,106.3 1 1
github.com/kyverno/policy-reporter/pkg/target/discord/discord.go:111.62,114.3 2 0
github.com/kyverno/policy-reporter/pkg/target/discord/discord.go:117.16,120.3 2 0
github.com/kyverno/policy-reporter/pkg/target/discord/discord.go:129.47,131.2 1 1
github.com/kyverno/policy-reporter/pkg/target/discord/discord.go:133.32,135.2 1 1
github.com/kyverno/policy-reporter/pkg/target/discord/discord.go:137.43,139.2 1 1
github.com/kyverno/policy-reporter/pkg/target/discord/discord.go:142.114,149.2 1 6
github.com/kyverno/policy-reporter/pkg/target/elasticsearch/elasticsearch.go:39.45,40.61 1 5
github.com/kyverno/policy-reporter/pkg/target/elasticsearch/elasticsearch.go:44.2,46.61 2 4
github.com/kyverno/policy-reporter/pkg/target/elasticsearch/elasticsearch.go:51.2,52.20 2 4
github.com/kyverno/policy-reporter/pkg/target/elasticsearch/elasticsearch.go:63.2,64.16 2 4
github.com/kyverno/policy-reporter/pkg/target/elasticsearch/elasticsearch.go:69.2,73.55 4 4
github.com/kyverno/policy-reporter/pkg/target/elasticsearch/elasticsearch.go:40.61,42.3 1 1
github.com/kyverno/policy-reporter/pkg/target/elasticsearch/elasticsearch.go:46.61,49.3 2 0
github.com/kyverno/policy-reporter/pkg/target/elasticsearch/elasticsearch.go:53.12,54.43 1 1
github.com/kyverno/policy-reporter/pkg/target/elasticsearch/elasticsearch.go:55.16,56.77 1 1
github.com/kyverno/policy-reporter/pkg/target/elasticsearch/elasticsearch.go:57.15,58.80 1 1
github.com/kyverno/policy-reporter/pkg/target/elasticsearch/elasticsearch.go:59.10,60.83 1 1
github.com/kyverno/policy-reporter/pkg/target/elasticsearch/elasticsearch.go:64.16,67.3 2 0
github.com/kyverno/policy-reporter/pkg/target/elasticsearch/elasticsearch.go:76.47,78.2 1 1
github.com/kyverno/policy-reporter/pkg/target/elasticsearch/elasticsearch.go:80.32,82.2 1 1
github.com/kyverno/policy-reporter/pkg/target/elasticsearch/elasticsearch.go:84.43,86.2 1 1
github.com/kyverno/policy-reporter/pkg/target/elasticsearch/elasticsearch.go:89.128,98.2 1 8
github.com/kyverno/policy-reporter/pkg/metrics/cluster_policy_report.go:10.77,24.96 5 1
github.com/kyverno/policy-reporter/pkg/metrics/cluster_policy_report.go:24.96,25.16 1 6
github.com/kyverno/policy-reporter/pkg/metrics/cluster_policy_report.go:26.20,29.40 2 3
github.com/kyverno/policy-reporter/pkg/metrics/cluster_policy_report.go:32.23,35.43 2 2
github.com/kyverno/policy-reporter/pkg/metrics/cluster_policy_report.go:39.4,39.40 1 2
github.com/kyverno/policy-reporter/pkg/metrics/cluster_policy_report.go:42.22,49.40 6 1
github.com/kyverno/policy-reporter/pkg/metrics/cluster_policy_report.go:29.40,31.5 1 6
github.com/kyverno/policy-reporter/pkg/metrics/cluster_policy_report.go:35.43,37.5 1 4
github.com/kyverno/policy-reporter/pkg/metrics/cluster_policy_report.go:39.40,41.5 1 2
github.com/kyverno/policy-reporter/pkg/metrics/cluster_policy_report.go:49.40,51.5 1 1
github.com/kyverno/policy-reporter/pkg/metrics/cluster_policy_report.go:56.102,68.26 2 13
github.com/kyverno/policy-reporter/pkg/metrics/cluster_policy_report.go:73.2,73.15 1 13
github.com/kyverno/policy-reporter/pkg/metrics/cluster_policy_report.go:68.26,71.3 2 13
github.com/kyverno/policy-reporter/pkg/metrics/cluster_policy_report.go:76.93,92.2 5 5
github.com/kyverno/policy-reporter/pkg/metrics/metrics.go:14.58,15.22 1 2
github.com/kyverno/policy-reporter/pkg/metrics/metrics.go:18.2,18.22 1 2
github.com/kyverno/policy-reporter/pkg/metrics/metrics.go:22.2,22.63 1 2
github.com/kyverno/policy-reporter/pkg/metrics/metrics.go:15.22,17.3 1 1
github.com/kyverno/policy-reporter/pkg/metrics/metrics.go:18.22,20.3 1 1
github.com/kyverno/policy-reporter/pkg/metrics/metrics.go:22.63,23.25 1 12
github.com/kyverno/policy-reporter/pkg/metrics/metrics.go:23.25,25.4 1 6
github.com/kyverno/policy-reporter/pkg/metrics/metrics.go:25.9,27.4 1 6
github.com/kyverno/policy-reporter/pkg/metrics/policy_report.go:10.70,24.96 5 1
github.com/kyverno/policy-reporter/pkg/metrics/policy_report.go:24.96,25.16 1 6
github.com/kyverno/policy-reporter/pkg/metrics/policy_report.go:26.20,29.40 2 3
github.com/kyverno/policy-reporter/pkg/metrics/policy_report.go:32.23,35.43 2 2
github.com/kyverno/policy-reporter/pkg/metrics/policy_report.go:39.4,39.40 1 2
github.com/kyverno/policy-reporter/pkg/metrics/policy_report.go:42.22,49.40 6 1
github.com/kyverno/policy-reporter/pkg/metrics/policy_report.go:29.40,31.5 1 6
github.com/kyverno/policy-reporter/pkg/metrics/policy_report.go:35.43,37.5 1 4
github.com/kyverno/policy-reporter/pkg/metrics/policy_report.go:39.40,41.5 1 2
github.com/kyverno/policy-reporter/pkg/metrics/policy_report.go:49.40,51.5 1 1
github.com/kyverno/policy-reporter/pkg/metrics/policy_report.go:56.95,69.26 2 13
github.com/kyverno/policy-reporter/pkg/metrics/policy_report.go:74.2,74.15 1 13
github.com/kyverno/policy-reporter/pkg/metrics/policy_report.go:69.26,72.3 2 13
github.com/kyverno/policy-reporter/pkg/metrics/policy_report.go:77.86,93.2 5 5
github.com/kyverno/policy-reporter/pkg/target/loki/loki.go:34.51,36.32 2 2
github.com/kyverno/policy-reporter/pkg/target/loki/loki.go:40.2,50.23 4 2
github.com/kyverno/policy-reporter/pkg/target/loki/loki.go:53.2,53.27 1 2
github.com/kyverno/policy-reporter/pkg/target/loki/loki.go:56.2,56.27 1 2
github.com/kyverno/policy-reporter/pkg/target/loki/loki.go:59.2,59.26 1 2
github.com/kyverno/policy-reporter/pkg/target/loki/loki.go:67.2,67.49 1 2
github.com/kyverno/policy-reporter/pkg/target/loki/loki.go:71.2,73.39 2 2
github.com/kyverno/policy-reporter/pkg/target/loki/loki.go:36.32,38.3 1 1
github.com/kyverno/policy-reporter/pkg/target/loki/loki.go:50.23,52.3 1 1
github.com/kyverno/policy-reporter/pkg/target/loki/loki.go:53.27,55.3 1 1
github.com/kyverno/policy-reporter/pkg/target/loki/loki.go:56.27,58.3 1 1
github.com/kyverno/policy-reporter/pkg/target/loki/loki.go:59.26,65.3 5 1
github.com/kyverno/policy-reporter/pkg/target/loki/loki.go:67.49,69.3 1 1
github.com/kyverno/policy-reporter/pkg/target/loki/loki.go:83.45,84.61 1 3
github.com/kyverno/policy-reporter/pkg/target/loki/loki.go:88.2,91.62 3 2
github.com/kyverno/policy-reporter/pkg/target/loki/loki.go:96.2,97.16 2 2
github.com/kyverno/policy-reporter/pkg/target/loki/loki.go:102.2,106.46 4 2
github.com/kyverno/policy-reporter/pkg/target/loki/loki.go:84.61,86.3 1 1
github.com/kyverno/policy-reporter/pkg/target/loki/loki.go:91.62,94.3 2 0
github.com/kyverno/policy-reporter/pkg/target/loki/loki.go:97.16,100.3 2 0
github.com/kyverno/policy-reporter/pkg/target/loki/loki.go:109.47,111.2 1 1
github.com/kyverno/policy-reporter/pkg/target/loki/loki.go:113.32,115.2 1 1
github.com/kyverno/policy-reporter/pkg/target/loki/loki.go:117.43,119.2 1 1
github.com/kyverno/policy-reporter/pkg/target/loki/loki.go:122.111,129.2 1 6
github.com/kyverno/policy-reporter/pkg/target/slack/slack.go:52.50,53.34 1 2
github.com/kyverno/policy-reporter/pkg/target/slack/slack.go:56.2,56.31 1 2
github.com/kyverno/policy-reporter/pkg/target/slack/slack.go:59.2,59.33 1 2
github.com/kyverno/policy-reporter/pkg/target/slack/slack.go:62.2,62.30 1 0
github.com/kyverno/policy-reporter/pkg/target/slack/slack.go:66.2,66.18 1 0
github.com/kyverno/policy-reporter/pkg/target/slack/slack.go:53.34,55.3 1 0
github.com/kyverno/policy-reporter/pkg/target/slack/slack.go:56.31,58.3 1 0
github.com/kyverno/policy-reporter/pkg/target/slack/slack.go:59.33,61.3 1 2
github.com/kyverno/policy-reporter/pkg/target/slack/slack.go:62.30,64.3 1 0
github.com/kyverno/policy-reporter/pkg/target/slack/slack.go:69.59,84.23 4 2
github.com/kyverno/policy-reporter/pkg/target/slack/slack.go:88.2,111.27 4 2
github.com/kyverno/policy-reporter/pkg/target/slack/slack.go:114.2,114.27 1 2
github.com/kyverno/policy-reporter/pkg/target/slack/slack.go:118.2,118.23 1 2
github.com/kyverno/policy-reporter/pkg/target/slack/slack.go:122.2,123.31 2 2
github.com/kyverno/policy-reporter/pkg/target/slack/slack.go:127.2,127.19 1 2
github.com/kyverno/policy-reporter/pkg/target/slack/slack.go:148.2,148.25 1 2
github.com/kyverno/policy-reporter/pkg/target/slack/slack.go:152.2,152.32 1 2
github.com/kyverno/policy-reporter/pkg/target/slack/slack.go:170.2,172.10 2 2
github.com/kyverno/policy-reporter/pkg/target/slack/slack.go:84.23,86.3 1 1
github.com/kyverno/policy-reporter/pkg/target/slack/slack.go:111.27,113.3 1 1
github.com/kyverno/policy-reporter/pkg/target/slack/slack.go:114.27,116.3 1 1
github.com/kyverno/policy-reporter/pkg/target/slack/slack.go:118.23,120.3 1 1
github.com/kyverno/policy-reporter/pkg/target/slack/slack.go:123.31,125.3 1 1
github.com/kyverno/policy-reporter/pkg/target/slack/slack.go:127.19,146.3 1 1
github.com/kyverno/policy-reporter/pkg/target/slack/slack.go:148.25,150.3 1 1
github.com/kyverno/policy-reporter/pkg/target/slack/slack.go:152.32,163.50 3 1
github.com/kyverno/policy-reporter/pkg/target/slack/slack.go:167.3,167.45 1 1
github.com/kyverno/policy-reporter/pkg/target/slack/slack.go:163.50,165.4 1 1
github.com/kyverno/policy-reporter/pkg/target/slack/slack.go:175.45,176.61 1 3
github.com/kyverno/policy-reporter/pkg/target/slack/slack.go:180.2,183.62 3 2
github.com/kyverno/policy-reporter/pkg/target/slack/slack.go:188.2,189.16 2 2
github.com/kyverno/policy-reporter/pkg/target/slack/slack.go:194.2,198.47 4 2
github.com/kyverno/policy-reporter/pkg/target/slack/slack.go:176.61,178.3 1 1
github.com/kyverno/policy-reporter/pkg/target/slack/slack.go:183.62,186.3 2 0
github.com/kyverno/policy-reporter/pkg/target/slack/slack.go:189.16,192.3 2 0
github.com/kyverno/policy-reporter/pkg/target/slack/slack.go:201.47,203.2 1 1
github.com/kyverno/policy-reporter/pkg/target/slack/slack.go:205.32,207.2 1 1
github.com/kyverno/policy-reporter/pkg/target/slack/slack.go:209.43,211.2 1 1
github.com/kyverno/policy-reporter/pkg/target/slack/slack.go:214.111,221.2 1 6
github.com/kyverno/policy-reporter/pkg/target/teams/teams.go:40.50,41.34 1 5
github.com/kyverno/policy-reporter/pkg/target/teams/teams.go:44.2,44.31 1 4
github.com/kyverno/policy-reporter/pkg/target/teams/teams.go:47.2,47.33 1 3
github.com/kyverno/policy-reporter/pkg/target/teams/teams.go:50.2,50.30 1 2
github.com/kyverno/policy-reporter/pkg/target/teams/teams.go:54.2,54.17 1 1
github.com/kyverno/policy-reporter/pkg/target/teams/teams.go:41.34,43.3 1 1
github.com/kyverno/policy-reporter/pkg/target/teams/teams.go:44.31,46.3 1 1
github.com/kyverno/policy-reporter/pkg/target/teams/teams.go:47.33,49.3 1 1
github.com/kyverno/policy-reporter/pkg/target/teams/teams.go:50.30,52.3 1 1
github.com/kyverno/policy-reporter/pkg/target/teams/teams.go:57.47,62.23 3 5
github.com/kyverno/policy-reporter/pkg/target/teams/teams.go:66.2,68.27 2 5
github.com/kyverno/policy-reporter/pkg/target/teams/teams.go:71.2,71.27 1 5
github.com/kyverno/policy-reporter/pkg/target/teams/teams.go:74.2,75.31 2 5
github.com/kyverno/policy-reporter/pkg/target/teams/teams.go:79.2,79.19 1 5
github.com/kyverno/policy-reporter/pkg/target/teams/teams.go:89.2,89.49 1 5
github.com/kyverno/policy-reporter/pkg/target/teams/teams.go:93.2,94.32 2 5
github.com/kyverno/policy-reporter/pkg/target/teams/teams.go:98.2,112.3 3 5
github.com/kyverno/policy-reporter/pkg/target/teams/teams.go:62.23,64.3 1 1
github.com/kyverno/policy-reporter/pkg/target/teams/teams.go:68.27,70.3 1 1
github.com/kyverno/policy-reporter/pkg/target/teams/teams.go:71.27,73.3 1 1
github.com/kyverno/policy-reporter/pkg/target/teams/teams.go:75.31,77.3 1 1
github.com/kyverno/policy-reporter/pkg/target/teams/teams.go:79.19,83.26 4 1
github.com/kyverno/policy-reporter/pkg/target/teams/teams.go:86.3,86.61 1 1
github.com/kyverno/policy-reporter/pkg/target/teams/teams.go:83.26,85.4 1 1
github.com/kyverno/policy-reporter/pkg/target/teams/teams.go:89.49,91.3 1 1
github.com/kyverno/policy-reporter/pkg/target/teams/teams.go:94.32,96.3 1 1
github.com/kyverno/policy-reporter/pkg/target/teams/teams.go:122.45,123.61 1 6
github.com/kyverno/policy-reporter/pkg/target/teams/teams.go:127.2,130.62 3 5
github.com/kyverno/policy-reporter/pkg/target/teams/teams.go:135.2,136.16 2 5
github.com/kyverno/policy-reporter/pkg/target/teams/teams.go:141.2,145.47 4 5
github.com/kyverno/policy-reporter/pkg/target/teams/teams.go:123.61,125.3 1 1
github.com/kyverno/policy-reporter/pkg/target/teams/teams.go:130.62,133.3 2 0
github.com/kyverno/policy-reporter/pkg/target/teams/teams.go:136.16,139.3 2 0
github.com/kyverno/policy-reporter/pkg/target/teams/teams.go:148.47,150.2 1 1
github.com/kyverno/policy-reporter/pkg/target/teams/teams.go:152.32,154.2 1 1
github.com/kyverno/policy-reporter/pkg/target/teams/teams.go:156.43,158.2 1 1
github.com/kyverno/policy-reporter/pkg/target/teams/teams.go:161.111,168.2 1 9
github.com/kyverno/policy-reporter/pkg/target/ui/ui.go:47.41,66.2 1 1
github.com/kyverno/policy-reporter/pkg/target/ui/ui.go:68.45,69.61 1 2
github.com/kyverno/policy-reporter/pkg/target/ui/ui.go:73.2,75.73 2 1
github.com/kyverno/policy-reporter/pkg/target/ui/ui.go:80.2,81.16 2 1
github.com/kyverno/policy-reporter/pkg/target/ui/ui.go:86.2,90.44 4 1
github.com/kyverno/policy-reporter/pkg/target/ui/ui.go:69.61,71.3 1 1
github.com/kyverno/policy-reporter/pkg/target/ui/ui.go:75.73,78.3 2 0
github.com/kyverno/policy-reporter/pkg/target/ui/ui.go:81.16,84.3 2 0
github.com/kyverno/policy-reporter/pkg/target/ui/ui.go:93.47,95.2 1 1
github.com/kyverno/policy-reporter/pkg/target/ui/ui.go:97.32,99.2 1 1
github.com/kyverno/policy-reporter/pkg/target/ui/ui.go:101.43,103.2 1 1
github.com/kyverno/policy-reporter/pkg/target/ui/ui.go:106.111,113.2 1 5
github.com/kyverno/policy-reporter/pkg/config/resolver.go:47.43,51.19 3 1
github.com/kyverno/policy-reporter/pkg/config/resolver.go:55.2,60.3 1 1
github.com/kyverno/policy-reporter/pkg/config/resolver.go:51.19,53.3 1 0
github.com/kyverno/policy-reporter/pkg/config/resolver.go:64.66,65.26 1 2
github.com/kyverno/policy-reporter/pkg/config/resolver.go:69.2,71.22 2 2
github.com/kyverno/policy-reporter/pkg/config/resolver.go:65.26,67.3 1 0
github.com/kyverno/policy-reporter/pkg/config/resolver.go:75.95,76.27 1 3
github.com/kyverno/policy-reporter/pkg/config/resolver.go:80.2,81.16 2 2
github.com/kyverno/policy-reporter/pkg/config/resolver.go:85.2,94.20 3 1
github.com/kyverno/policy-reporter/pkg/config/resolver.go:76.27,78.3 1 1
github.com/kyverno/policy-reporter/pkg/config/resolver.go:81.16,83.3 1 1
github.com/kyverno/policy-reporter/pkg/config/resolver.go:98.75,99.21 1 1
github.com/kyverno/policy-reporter/pkg/config/resolver.go:103.2,104.16 2 1
github.com/kyverno/policy-reporter/pkg/config/resolver.go:108.2,114.20 5 1
github.com/kyverno/policy-reporter/pkg/config/resolver.go:99.21,101.3 1 0
github.com/kyverno/policy-reporter/pkg/config/resolver.go:104.16,106.3 1 0
github.com/kyverno/policy-reporter/pkg/config/resolver.go:118.47,119.25 1 7
github.com/kyverno/policy-reporter/pkg/config/resolver.go:123.2,123.30 1 6
github.com/kyverno/policy-reporter/pkg/config/resolver.go:127.2,136.21 3 5
github.com/kyverno/policy-reporter/pkg/config/resolver.go:119.25,121.3 1 1
github.com/kyverno/policy-reporter/pkg/config/resolver.go:123.30,125.3 1 1
github.com/kyverno/policy-reporter/pkg/config/resolver.go:140.56,141.34 1 7
github.com/kyverno/policy-reporter/pkg/config/resolver.go:145.2,145.39 1 6
github.com/kyverno/policy-reporter/pkg/config/resolver.go:148.2,148.40 1 5
github.com/kyverno/policy-reporter/pkg/config/resolver.go:151.2,151.43 1 5
github.com/kyverno/policy-reporter/pkg/config/resolver.go:155.2,166.30 3 5
github.com/kyverno/policy-reporter/pkg/config/resolver.go:141.34,143.3 1 1
github.com/kyverno/policy-reporter/pkg/config/resolver.go:145.39,147.3 1 1
github.com/kyverno/policy-reporter/pkg/config/resolver.go:148.40,150.3 1 1
github.com/kyverno/policy-reporter/pkg/config/resolver.go:151.43,153.3 1 1
github.com/kyverno/policy-reporter/pkg/config/resolver.go:170.48,171.26 1 7
github.com/kyverno/policy-reporter/pkg/config/resolver.go:175.2,175.34 1 6
github.com/kyverno/policy-reporter/pkg/config/resolver.go:179.2,188.22 3 3
github.com/kyverno/policy-reporter/pkg/config/resolver.go:171.26,173.3 1 1
github.com/kyverno/policy-reporter/pkg/config/resolver.go:175.34,177.3 1 3
github.com/kyverno/policy-reporter/pkg/config/resolver.go:192.50,193.28 1 7
github.com/kyverno/policy-reporter/pkg/config/resolver.go:197.2,197.36 1 6
github.com/kyverno/policy-reporter/pkg/config/resolver.go:201.2,210.24 3 3
github.com/kyverno/policy-reporter/pkg/config/resolver.go:193.28,195.3 1 1
github.com/kyverno/policy-reporter/pkg/config/resolver.go:197.36,199.3 1 3
github.com/kyverno/policy-reporter/pkg/config/resolver.go:214.48,215.26 1 7
github.com/kyverno/policy-reporter/pkg/config/resolver.go:219.2,219.34 1 6
github.com/kyverno/policy-reporter/pkg/config/resolver.go:223.2,232.22 3 3
github.com/kyverno/policy-reporter/pkg/config/resolver.go:215.26,217.3 1 1
github.com/kyverno/policy-reporter/pkg/config/resolver.go:219.34,221.3 1 3
github.com/kyverno/policy-reporter/pkg/config/resolver.go:236.45,237.23 1 4
github.com/kyverno/policy-reporter/pkg/config/resolver.go:241.2,241.28 1 4
github.com/kyverno/policy-reporter/pkg/config/resolver.go:245.2,254.19 3 2
github.com/kyverno/policy-reporter/pkg/config/resolver.go:237.23,239.3 1 0
github.com/kyverno/policy-reporter/pkg/config/resolver.go:241.28,243.3 1 2
github.com/kyverno/policy-reporter/pkg/config/resolver.go:257.49,258.27 1 4
github.com/kyverno/policy-reporter/pkg/config/resolver.go:261.2,261.80 1 4
github.com/kyverno/policy-reporter/pkg/config/resolver.go:265.2,265.34 1 0
github.com/kyverno/policy-reporter/pkg/config/resolver.go:269.2,269.36 1 0
github.com/kyverno/policy-reporter/pkg/config/resolver.go:273.2,273.34 1 0
github.com/kyverno/policy-reporter/pkg/config/resolver.go:278.2,279.112 2 0
github.com/kyverno/policy-reporter/pkg/config/resolver.go:284.2,297.23 3 0
github.com/kyverno/policy-reporter/pkg/config/resolver.go:258.27,260.3 1 0
github.com/kyverno/policy-reporter/pkg/config/resolver.go:261.80,263.3 1 4
github.com/kyverno/policy-reporter/pkg/config/resolver.go:265.34,268.3 2 0
github.com/kyverno/policy-reporter/pkg/config/resolver.go:269.36,272.3 2 0
github.com/kyverno/policy-reporter/pkg/config/resolver.go:273.34,276.3 2 0
github.com/kyverno/policy-reporter/pkg/config/resolver.go:279.112,282.3 2 0
github.com/kyverno/policy-reporter/pkg/config/resolver.go:301.52,304.41 2 4
github.com/kyverno/policy-reporter/pkg/config/resolver.go:308.2,308.68 1 4
github.com/kyverno/policy-reporter/pkg/config/resolver.go:312.2,312.44 1 4
github.com/kyverno/policy-reporter/pkg/config/resolver.go:316.2,316.50 1 4
github.com/kyverno/policy-reporter/pkg/config/resolver.go:320.2,320.44 1 4
github.com/kyverno/policy-reporter/pkg/config/resolver.go:324.2,324.35 1 4
github.com/kyverno/policy-reporter/pkg/config/resolver.go:328.2,328.47 1 4
github.com/kyverno/policy-reporter/pkg/config/resolver.go:332.2,332.16 1 4
github.com/kyverno/policy-reporter/pkg/config/resolver.go:304.41,306.3 1 4
github.com/kyverno/policy-reporter/pkg/config/resolver.go:308.68,310.3 1 4
github.com/kyverno/policy-reporter/pkg/config/resolver.go:312.44,314.3 1 2
github.com/kyverno/policy-reporter/pkg/config/resolver.go:316.50,318.3 1 2
github.com/kyverno/policy-reporter/pkg/config/resolver.go:320.44,322.3 1 2
github.com/kyverno/policy-reporter/pkg/config/resolver.go:324.35,326.3 1 2
github.com/kyverno/policy-reporter/pkg/config/resolver.go:328.47,330.3 1 0
github.com/kyverno/policy-reporter/pkg/config/resolver.go:336.49,337.43 1 2
github.com/kyverno/policy-reporter/pkg/config/resolver.go:343.2,343.13 1 1
github.com/kyverno/policy-reporter/pkg/config/resolver.go:337.43,338.38 1 4
github.com/kyverno/policy-reporter/pkg/config/resolver.go:338.38,340.4 1 1
github.com/kyverno/policy-reporter/pkg/config/resolver.go:347.69,351.16 3 1
github.com/kyverno/policy-reporter/pkg/config/resolver.go:355.2,355.51 1 1
github.com/kyverno/policy-reporter/pkg/config/resolver.go:351.16,353.3 1 0
github.com/kyverno/policy-reporter/pkg/config/resolver.go:358.72,360.16 2 1
github.com/kyverno/policy-reporter/pkg/config/resolver.go:364.2,364.52 1 1
github.com/kyverno/policy-reporter/pkg/config/resolver.go:360.16,362.3 1 0
github.com/kyverno/policy-reporter/pkg/config/resolver.go:367.97,368.28 1 2
github.com/kyverno/policy-reporter/pkg/config/resolver.go:372.2,373.16 2 2
github.com/kyverno/policy-reporter/pkg/config/resolver.go:376.2,377.16 2 1
github.com/kyverno/policy-reporter/pkg/config/resolver.go:381.2,383.29 2 1
github.com/kyverno/policy-reporter/pkg/config/resolver.go:368.28,370.3 1 0
github.com/kyverno/policy-reporter/pkg/config/resolver.go:373.16,375.3 1 1
github.com/kyverno/policy-reporter/pkg/config/resolver.go:377.16,379.3 1 0
github.com/kyverno/policy-reporter/pkg/config/resolver.go:387.47,388.26 1 3
github.com/kyverno/policy-reporter/pkg/config/resolver.go:391.2,393.22 2 2
github.com/kyverno/policy-reporter/pkg/config/resolver.go:388.26,390.3 1 1
github.com/kyverno/policy-reporter/pkg/config/resolver.go:397.67,402.2 1 13
github.com/kyverno/policy-reporter/pkg/kubernetes/config_map_adapter.go:31.90,33.2 1 3
github.com/kyverno/policy-reporter/pkg/kubernetes/config_map_adapter.go:35.82,36.6 1 3
github.com/kyverno/policy-reporter/pkg/kubernetes/config_map_adapter.go:36.6,38.17 2 3
github.com/kyverno/policy-reporter/pkg/kubernetes/config_map_adapter.go:42.3,42.41 1 2
github.com/kyverno/policy-reporter/pkg/kubernetes/config_map_adapter.go:38.17,40.4 1 1
github.com/kyverno/policy-reporter/pkg/kubernetes/config_map_adapter.go:42.41,43.53 1 4
github.com/kyverno/policy-reporter/pkg/kubernetes/config_map_adapter.go:43.53,45.5 1 4
github.com/kyverno/policy-reporter/pkg/kubernetes/config_map_adapter.go:51.70,53.2 1 18
github.com/kyverno/policy-reporter/pkg/kubernetes/debouncer.go:16.39,18.36 2 30
github.com/kyverno/policy-reporter/pkg/kubernetes/debouncer.go:24.2,24.30 1 30
github.com/kyverno/policy-reporter/pkg/kubernetes/debouncer.go:29.2,29.39 1 12
github.com/kyverno/policy-reporter/pkg/kubernetes/debouncer.go:48.2,48.8 1 7
github.com/kyverno/policy-reporter/pkg/kubernetes/debouncer.go:56.2,56.16 1 1
github.com/kyverno/policy-reporter/pkg/kubernetes/debouncer.go:18.36,22.3 3 1
github.com/kyverno/policy-reporter/pkg/kubernetes/debouncer.go:24.30,27.3 2 18
github.com/kyverno/policy-reporter/pkg/kubernetes/debouncer.go:29.39,34.13 4 5
github.com/kyverno/policy-reporter/pkg/kubernetes/debouncer.go:45.3,45.9 1 5
github.com/kyverno/policy-reporter/pkg/kubernetes/debouncer.go:34.13,38.59 3 5
github.com/kyverno/policy-reporter/pkg/kubernetes/debouncer.go:42.4,42.19 1 0
github.com/kyverno/policy-reporter/pkg/kubernetes/debouncer.go:38.59,41.5 2 0
github.com/kyverno/policy-reporter/pkg/kubernetes/debouncer.go:48.8,54.3 4 6
github.com/kyverno/policy-reporter/pkg/kubernetes/debouncer.go:59.50,61.2 1 10
github.com/kyverno/policy-reporter/pkg/kubernetes/debouncer.go:63.32,69.2 1 11
github.com/kyverno/policy-reporter/pkg/kubernetes/mapper.go:31.88,34.64 2 42
github.com/kyverno/policy-reporter/pkg/kubernetes/mapper.go:42.2,50.41 3 42
github.com/kyverno/policy-reporter/pkg/kubernetes/mapper.go:54.2,55.16 2 42
github.com/kyverno/policy-reporter/pkg/kubernetes/mapper.go:61.2,61.56 1 42
github.com/kyverno/policy-reporter/pkg/kubernetes/mapper.go:70.2,70.10 1 42
github.com/kyverno/policy-reporter/pkg/kubernetes/mapper.go:34.64,40.3 5 40
github.com/kyverno/policy-reporter/pkg/kubernetes/mapper.go:50.41,52.3 1 33
github.com/kyverno/policy-reporter/pkg/kubernetes/mapper.go:55.16,57.3 1 40
github.com/kyverno/policy-reporter/pkg/kubernetes/mapper.go:57.8,59.3 1 2
github.com/kyverno/policy-reporter/pkg/kubernetes/mapper.go:61.56,62.33 1 42
github.com/kyverno/policy-reporter/pkg/kubernetes/mapper.go:62.33,64.39 2 65
github.com/kyverno/policy-reporter/pkg/kubernetes/mapper.go:64.39,66.5 1 65
github.com/kyverno/policy-reporter/pkg/kubernetes/mapper.go:73.64,75.2 1 23
github.com/kyverno/policy-reporter/pkg/kubernetes/mapper.go:77.84,78.69 1 42
github.com/kyverno/policy-reporter/pkg/kubernetes/mapper.go:86.2,86.56 1 0
github.com/kyverno/policy-reporter/pkg/kubernetes/mapper.go:78.69,79.66 1 42
github.com/kyverno/policy-reporter/pkg/kubernetes/mapper.go:83.3,83.66 1 2
github.com/kyverno/policy-reporter/pkg/kubernetes/mapper.go:79.66,81.4 1 40
github.com/kyverno/policy-reporter/pkg/kubernetes/mapper.go:89.75,92.57 2 65
github.com/kyverno/policy-reporter/pkg/kubernetes/mapper.go:111.2,113.35 2 65
github.com/kyverno/policy-reporter/pkg/kubernetes/mapper.go:116.2,116.35 1 65
github.com/kyverno/policy-reporter/pkg/kubernetes/mapper.go:120.2,122.53 2 65
github.com/kyverno/policy-reporter/pkg/kubernetes/mapper.go:172.2,172.37 1 65
github.com/kyverno/policy-reporter/pkg/kubernetes/mapper.go:176.2,176.23 1 65
github.com/kyverno/policy-reporter/pkg/kubernetes/mapper.go:180.2,180.16 1 65
github.com/kyverno/policy-reporter/pkg/kubernetes/mapper.go:92.57,93.28 1 65
github.com/kyverno/policy-reporter/pkg/kubernetes/mapper.go:93.28,94.54 1 36
github.com/kyverno/policy-reporter/pkg/kubernetes/mapper.go:94.54,102.42 2 36
github.com/kyverno/policy-reporter/pkg/kubernetes/mapper.go:106.5,106.37 1 36
github.com/kyverno/policy-reporter/pkg/kubernetes/mapper.go:102.42,104.6 1 29
github.com/kyverno/policy-reporter/pkg/kubernetes/mapper.go:113.35,115.3 1 58
github.com/kyverno/policy-reporter/pkg/kubernetes/mapper.go:116.35,118.3 1 7
github.com/kyverno/policy-reporter/pkg/kubernetes/mapper.go:122.53,132.41 2 65
github.com/kyverno/policy-reporter/pkg/kubernetes/mapper.go:136.3,136.45 1 65
github.com/kyverno/policy-reporter/pkg/kubernetes/mapper.go:140.3,140.58 1 65
github.com/kyverno/policy-reporter/pkg/kubernetes/mapper.go:144.3,144.37 1 65
github.com/kyverno/policy-reporter/pkg/kubernetes/mapper.go:148.3,148.45 1 65
github.com/kyverno/policy-reporter/pkg/kubernetes/mapper.go:152.3,152.41 1 65
github.com/kyverno/policy-reporter/pkg/kubernetes/mapper.go:156.3,158.44 2 65
github.com/kyverno/policy-reporter/pkg/kubernetes/mapper.go:169.3,169.11 1 65
github.com/kyverno/policy-reporter/pkg/kubernetes/mapper.go:132.41,134.4 1 65
github.com/kyverno/policy-reporter/pkg/kubernetes/mapper.go:136.45,138.4 1 36
github.com/kyverno/policy-reporter/pkg/kubernetes/mapper.go:140.58,142.4 1 64
github.com/kyverno/policy-reporter/pkg/kubernetes/mapper.go:144.37,146.4 1 36
github.com/kyverno/policy-reporter/pkg/kubernetes/mapper.go:148.45,150.4 1 36
github.com/kyverno/policy-reporter/pkg/kubernetes/mapper.go:152.41,154.4 1 26
github.com/kyverno/policy-reporter/pkg/kubernetes/mapper.go:158.44,159.60 1 27
github.com/kyverno/policy-reporter/pkg/kubernetes/mapper.go:159.60,160.41 1 27
github.com/kyverno/policy-reporter/pkg/kubernetes/mapper.go:160.41,162.24 2 27
github.com/kyverno/policy-reporter/pkg/kubernetes/mapper.go:162.24,164.7 1 27
github.com/kyverno/policy-reporter/pkg/kubernetes/mapper.go:172.37,174.3 1 36
github.com/kyverno/policy-reporter/pkg/kubernetes/mapper.go:176.23,178.3 1 29
github.com/kyverno/policy-reporter/pkg/kubernetes/mapper.go:183.64,185.9 2 65
github.com/kyverno/policy-reporter/pkg/kubernetes/mapper.go:189.2,191.29 2 61
github.com/kyverno/policy-reporter/pkg/kubernetes/mapper.go:185.9,187.3 1 4
github.com/kyverno/policy-reporter/pkg/kubernetes/mapper.go:192.13,193.31 1 27
github.com/kyverno/policy-reporter/pkg/kubernetes/mapper.go:194.11,195.38 1 27
github.com/kyverno/policy-reporter/pkg/kubernetes/mapper.go:196.10,197.26 1 7
github.com/kyverno/policy-reporter/pkg/kubernetes/mapper.go:201.91,202.47 1 64
github.com/kyverno/policy-reporter/pkg/kubernetes/mapper.go:206.2,206.20 1 61
github.com/kyverno/policy-reporter/pkg/kubernetes/mapper.go:210.2,210.50 1 27
github.com/kyverno/policy-reporter/pkg/kubernetes/mapper.go:214.2,214.48 1 22
github.com/kyverno/policy-reporter/pkg/kubernetes/mapper.go:202.47,204.3 1 3
github.com/kyverno/policy-reporter/pkg/kubernetes/mapper.go:206.20,208.3 1 34
github.com/kyverno/policy-reporter/pkg/kubernetes/mapper.go:210.50,212.3 1 5
github.com/kyverno/policy-reporter/pkg/kubernetes/mapper.go:217.61,219.16 2 2
github.com/kyverno/policy-reporter/pkg/kubernetes/mapper.go:223.2,223.15 1 1
github.com/kyverno/policy-reporter/pkg/kubernetes/mapper.go:228.2,228.12 1 1
github.com/kyverno/policy-reporter/pkg/kubernetes/mapper.go:219.16,221.3 1 1
github.com/kyverno/policy-reporter/pkg/kubernetes/mapper.go:223.15,226.3 2 1
github.com/kyverno/policy-reporter/pkg/kubernetes/mapper.go:231.60,232.81 1 1
github.com/kyverno/policy-reporter/pkg/kubernetes/mapper.go:249.2,249.16 1 0
github.com/kyverno/policy-reporter/pkg/kubernetes/mapper.go:253.2,253.12 1 0
github.com/kyverno/policy-reporter/pkg/kubernetes/mapper.go:232.81,233.31 1 3
github.com/kyverno/policy-reporter/pkg/kubernetes/mapper.go:237.3,237.12 1 3
github.com/kyverno/policy-reporter/pkg/kubernetes/mapper.go:246.3,246.48 1 3
github.com/kyverno/policy-reporter/pkg/kubernetes/mapper.go:233.31,235.4 1 0
github.com/kyverno/policy-reporter/pkg/kubernetes/mapper.go:238.20,239.29 1 1
github.com/kyverno/policy-reporter/pkg/kubernetes/mapper.go:240.23,241.29 1 1
github.com/kyverno/policy-reporter/pkg/kubernetes/mapper.go:242.22,243.41 1 1
github.com/kyverno/policy-reporter/pkg/kubernetes/mapper.go:249.16,251.3 1 0
github.com/kyverno/policy-reporter/pkg/kubernetes/mapper.go:257.81,262.2 3 19
github.com/kyverno/policy-reporter/pkg/kubernetes/policy_report_client.go:25.79,27.2 1 11
github.com/kyverno/policy-reporter/pkg/kubernetes/policy_report_client.go:29.91,31.2 1 8
github.com/kyverno/policy-reporter/pkg/kubernetes/policy_report_client.go:33.68,35.2 1 0
github.com/kyverno/policy-reporter/pkg/kubernetes/policy_report_client.go:37.52,38.15 1 12
github.com/kyverno/policy-reporter/pkg/kubernetes/policy_report_client.go:42.2,45.16 3 11
github.com/kyverno/policy-reporter/pkg/kubernetes/policy_report_client.go:50.2,50.12 1 10
github.com/kyverno/policy-reporter/pkg/kubernetes/policy_report_client.go:58.2,58.46 1 10
github.com/kyverno/policy-reporter/pkg/kubernetes/policy_report_client.go:62.2,64.39 2 0
github.com/kyverno/policy-reporter/pkg/kubernetes/policy_report_client.go:38.15,40.3 1 1
github.com/kyverno/policy-reporter/pkg/kubernetes/policy_report_client.go:45.16,48.3 2 1
github.com/kyverno/policy-reporter/pkg/kubernetes/policy_report_client.go:50.12,51.29 1 10
github.com/kyverno/policy-reporter/pkg/kubernetes/policy_report_client.go:55.3,55.29 1 0
github.com/kyverno/policy-reporter/pkg/kubernetes/policy_report_client.go:51.29,53.4 1 30
github.com/kyverno/policy-reporter/pkg/kubernetes/policy_report_client.go:58.46,60.3 1 19
github.com/kyverno/policy-reporter/pkg/kubernetes/policy_report_client.go:67.68,68.30 1 6
github.com/kyverno/policy-reporter/pkg/kubernetes/policy_report_client.go:68.30,70.3 1 11
github.com/kyverno/policy-reporter/pkg/kubernetes/policy_report_client.go:73.94,75.9 2 19
github.com/kyverno/policy-reporter/pkg/kubernetes/policy_report_client.go:79.2,79.26 1 19
github.com/kyverno/policy-reporter/pkg/kubernetes/policy_report_client.go:83.2,86.33 3 19
github.com/kyverno/policy-reporter/pkg/kubernetes/policy_report_client.go:98.2,100.24 2 19
github.com/kyverno/policy-reporter/pkg/kubernetes/policy_report_client.go:105.2,105.17 1 17
github.com/kyverno/policy-reporter/pkg/kubernetes/policy_report_client.go:75.9,77.3 1 13
github.com/kyverno/policy-reporter/pkg/kubernetes/policy_report_client.go:79.26,81.3 1 6
github.com/kyverno/policy-reporter/pkg/kubernetes/policy_report_client.go:86.33,92.5 1 21
github.com/kyverno/policy-reporter/pkg/kubernetes/policy_report_client.go:92.5,95.4 2 21
github.com/kyverno/policy-reporter/pkg/kubernetes/policy_report_client.go:100.24,103.3 2 2
github.com/kyverno/policy-reporter/pkg/kubernetes/policy_report_client.go:108.77,112.75 2 10
github.com/kyverno/policy-reporter/pkg/kubernetes/policy_report_client.go:112.75,113.13 1 19
github.com/kyverno/policy-reporter/pkg/kubernetes/policy_report_client.go:114.21,115.29 1 16
github.com/kyverno/policy-reporter/pkg/kubernetes/policy_report_client.go:119.5,121.37 2 16
github.com/kyverno/policy-reporter/pkg/kubernetes/policy_report_client.go:125.5,129.28 3 15
github.com/kyverno/policy-reporter/pkg/kubernetes/policy_report_client.go:144.5,144.14 1 15
github.com/kyverno/policy-reporter/pkg/kubernetes/policy_report_client.go:145.24,146.29 1 1
github.com/kyverno/policy-reporter/pkg/kubernetes/policy_report_client.go:150.5,154.28 3 1
github.com/kyverno/policy-reporter/pkg/kubernetes/policy_report_client.go:169.5,169.14 1 1
github.com/kyverno/policy-reporter/pkg/kubernetes/policy_report_client.go:115.29,116.11 1 0
github.com/kyverno/policy-reporter/pkg/kubernetes/policy_report_client.go:121.37,122.11 1 1
github.com/kyverno/policy-reporter/pkg/kubernetes/policy_report_client.go:129.28,130.65 1 21
github.com/kyverno/policy-reporter/pkg/kubernetes/policy_report_client.go:134.6,136.43 2 21
github.com/kyverno/policy-reporter/pkg/kubernetes/policy_report_client.go:130.65,131.15 1 0
github.com/kyverno/policy-reporter/pkg/kubernetes/policy_report_client.go:136.43,137.75 1 19
github.com/kyverno/policy-reporter/pkg/kubernetes/policy_report_client.go:137.75,140.8 2 19
github.com/kyverno/policy-reporter/pkg/kubernetes/policy_report_client.go:146.29,147.11 1 0
github.com/kyverno/policy-reporter/pkg/kubernetes/policy_report_client.go:154.28,155.65 1 1
github.com/kyverno/policy-reporter/pkg/kubernetes/policy_report_client.go:159.6,161.43 2 1
github.com/kyverno/policy-reporter/pkg/kubernetes/policy_report_client.go:155.65,156.15 1 0
github.com/kyverno/policy-reporter/pkg/kubernetes/policy_report_client.go:161.43,162.75 1 1
github.com/kyverno/policy-reporter/pkg/kubernetes/policy_report_client.go:162.75,165.8 2 1
github.com/kyverno/policy-reporter/pkg/kubernetes/policy_report_client.go:180.29,188.2 1 11
github.com/kyverno/policy-reporter/pkg/kubernetes/report_adapter.go:60.72,62.2 1 0
github.com/kyverno/policy-reporter/pkg/kubernetes/report_adapter.go:64.80,74.37 3 1
github.com/kyverno/policy-reporter/pkg/kubernetes/report_adapter.go:107.2,107.20 1 1
github.com/kyverno/policy-reporter/pkg/kubernetes/report_adapter.go:74.37,75.42 1 4
github.com/kyverno/policy-reporter/pkg/kubernetes/report_adapter.go:75.42,76.8 1 4
github.com/kyverno/policy-reporter/pkg/kubernetes/report_adapter.go:76.8,78.19 2 4
github.com/kyverno/policy-reporter/pkg/kubernetes/report_adapter.go:91.5,97.40 5 4
github.com/kyverno/policy-reporter/pkg/kubernetes/report_adapter.go:78.19,83.26 4 0
github.com/kyverno/policy-reporter/pkg/kubernetes/report_adapter.go:88.6,88.12 1 0
github.com/kyverno/policy-reporter/pkg/kubernetes/report_adapter.go:83.26,85.15 2 0
github.com/kyverno/policy-reporter/pkg/kubernetes/report_adapter.go:97.40,98.68 1 0
github.com/kyverno/policy-reporter/pkg/kubernetes/report_adapter.go:98.68,101.7 2 0
github.com/kyverno/policy-reporter/pkg/kubernetes/report_adapter.go:111.91,118.2 1 1
